n:\code repositories\guessnumberrepo\guess my number\guess my number\debug\vc143.pdb
n:\code repositories\guessnumberrepo\guess my number\guess my number\debug\vc143.idb
n:\code repositories\guessnumberrepo\guess my number\guess my number\debug\game.nativecodeanalysis.sarif
n:\code repositories\guessnumberrepo\guess my number\guess my number\debug\game.nativecodeanalysis.xml
n:\code repositories\guessnumberrepo\guess my number\guess my number\debug\highscores.nativecodeanalysis.sarif
n:\code repositories\guessnumberrepo\guess my number\guess my number\debug\highscores.nativecodeanalysis.xml
n:\code repositories\guessnumberrepo\guess my number\guess my number\debug\handlefile.nativecodeanalysis.sarif
n:\code repositories\guessnumberrepo\guess my number\guess my number\debug\handlefile.nativecodeanalysis.xml
n:\code repositories\guessnumberrepo\guess my number\guess my number\debug\main.nativecodeanalysis.sarif
n:\code repositories\guessnumberrepo\guess my number\guess my number\debug\main.nativecodeanalysis.xml
n:\code repositories\guessnumberrepo\guess my number\guess my number\debug\main.obj
n:\code repositories\guessnumberrepo\guess my number\guess my number\debug\handlefile.obj
n:\code repositories\guessnumberrepo\guess my number\guess my number\debug\highscores.obj
n:\code repositories\guessnumberrepo\guess my number\guess my number\debug\game.obj
n:\code repositories\guessnumberrepo\guess my number\guess my number\debug\guess my number.ilk
n:\code repositories\guessnumberrepo\guess my number\debug\guess my number.exe
n:\code repositories\guessnumberrepo\guess my number\debug\guess my number.pdb
n:\code repositories\guessnumberrepo\guess my number\guess my number\debug\vc.nativecodeanalysis.all.xml
n:\code repositories\guessnumberrepo\guess my number\guess my number\debug\guess my number.tlog\cl.command.1.tlog
n:\code repositories\guessnumberrepo\guess my number\guess my number\debug\guess my number.tlog\cl.read.1.tlog
n:\code repositories\guessnumberrepo\guess my number\guess my number\debug\guess my number.tlog\cl.write.1.tlog
n:\code repositories\guessnumberrepo\guess my number\guess my number\debug\guess my number.tlog\link.command.1.tlog
n:\code repositories\guessnumberrepo\guess my number\guess my number\debug\guess my number.tlog\link.read.1.tlog
n:\code repositories\guessnumberrepo\guess my number\guess my number\debug\guess my number.tlog\link.write.1.tlog
